<?xml version="1.0" encoding="UTF-8"?>
<testng-results ignored="0" total="7" passed="7" failed="0" skipped="0">
  <reporter-output>
  </reporter-output>
  <suite started-at="2022-04-21T07:51:34Z" name="Default suite" finished-at="2022-04-21T07:52:29Z" duration-ms="54974">
    <groups>
    </groups>
    <test started-at="2022-04-21T07:51:34Z" name="Default test" finished-at="2022-04-21T07:52:29Z" duration-ms="54974">
      <class name="webdriver.Topic_10_Alert">
        <test-method is-config="true" signature="beforeClass()[pri:0, instance:webdriver.Topic_10_Alert@7c6908d7]" started-at="2022-04-21T07:51:34Z" name="beforeClass" finished-at="2022-04-21T07:51:37Z" duration-ms="3341" status="PASS">
          <reporter-output>
          </reporter-output>
        </test-method> <!-- beforeClass -->
        <test-method signature="TC_00_Login_Empty_Data()[pri:0, instance:webdriver.Topic_10_Alert@7c6908d7]" started-at="2022-04-21T07:51:37Z" name="TC_00_Login_Empty_Data" finished-at="2022-04-21T07:51:47Z" duration-ms="9738" status="PASS">
          <reporter-output>
          </reporter-output>
        </test-method> <!-- TC_00_Login_Empty_Data -->
        <test-method signature="TC_01_Accept_Alert()[pri:0, instance:webdriver.Topic_10_Alert@7c6908d7]" started-at="2022-04-21T07:51:47Z" name="TC_01_Accept_Alert" finished-at="2022-04-21T07:51:55Z" duration-ms="7668" status="PASS">
          <reporter-output>
          </reporter-output>
        </test-method> <!-- TC_01_Accept_Alert -->
        <test-method signature="TC_02_Confirm_Alert()[pri:0, instance:webdriver.Topic_10_Alert@7c6908d7]" started-at="2022-04-21T07:51:55Z" name="TC_02_Confirm_Alert" finished-at="2022-04-21T07:52:01Z" duration-ms="6471" status="PASS">
          <reporter-output>
          </reporter-output>
        </test-method> <!-- TC_02_Confirm_Alert -->
        <test-method signature="TC_03_Prompt_Alert()[pri:0, instance:webdriver.Topic_10_Alert@7c6908d7]" started-at="2022-04-21T07:52:01Z" name="TC_03_Prompt_Alert" finished-at="2022-04-21T07:52:07Z" duration-ms="6246" status="PASS">
          <reporter-output>
          </reporter-output>
        </test-method> <!-- TC_03_Prompt_Alert -->
        <test-method signature="TC_04_Authencation_Alert_I()[pri:0, instance:webdriver.Topic_10_Alert@7c6908d7]" started-at="2022-04-21T07:52:07Z" name="TC_04_Authencation_Alert_I" finished-at="2022-04-21T07:52:13Z" duration-ms="5648" status="PASS">
          <reporter-output>
          </reporter-output>
        </test-method> <!-- TC_04_Authencation_Alert_I -->
        <test-method signature="TC_04_Authencation_Alert_II()[pri:0, instance:webdriver.Topic_10_Alert@7c6908d7]" started-at="2022-04-21T07:52:13Z" name="TC_04_Authencation_Alert_II" finished-at="2022-04-21T07:52:19Z" duration-ms="5984" status="PASS">
          <reporter-output>
          </reporter-output>
        </test-method> <!-- TC_04_Authencation_Alert_II -->
        <test-method signature="TC_04_Authencation_Alert_III()[pri:0, instance:webdriver.Topic_10_Alert@7c6908d7]" started-at="2022-04-21T07:52:19Z" name="TC_04_Authencation_Alert_III" finished-at="2022-04-21T07:52:28Z" duration-ms="9245" status="PASS">
          <reporter-output>
          </reporter-output>
        </test-method> <!-- TC_04_Authencation_Alert_III -->
        <test-method is-config="true" signature="afterClass()[pri:0, instance:webdriver.Topic_10_Alert@7c6908d7]" started-at="2022-04-21T07:52:28Z" name="afterClass" finished-at="2022-04-21T07:52:29Z" duration-ms="616" status="PASS">
          <reporter-output>
          </reporter-output>
        </test-method> <!-- afterClass -->
      </class> <!-- webdriver.Topic_10_Alert -->
    </test> <!-- Default test -->
  </suite> <!-- Default suite -->
</testng-results>
