<?xml version="1.0" encoding="UTF-8"?>
<!-- Generated by org.testng.reporters.JUnitXMLReporter -->
<testsuite ignored="0" hostname="DESKTOP-L04NV1T" failures="0" tests="7" name="Default test" time="54.974" errors="0" timestamp="21 Apr 2022 07:52:29 GMT">
  <testcase classname="webdriver.Topic_10_Alert" name="TC_00_Login_Empty_Data" time="9.738"/>
  <testcase classname="webdriver.Topic_10_Alert" name="TC_01_Accept_Alert" time="7.668"/>
  <testcase classname="webdriver.Topic_10_Alert" name="TC_02_Confirm_Alert" time="6.471"/>
  <testcase classname="webdriver.Topic_10_Alert" name="TC_03_Prompt_Alert" time="6.246"/>
  <testcase classname="webdriver.Topic_10_Alert" name="TC_04_Authencation_Alert_I" time="5.648"/>
  <testcase classname="webdriver.Topic_10_Alert" name="TC_04_Authencation_Alert_II" time="5.984"/>
  <testcase classname="webdriver.Topic_10_Alert" name="TC_04_Authencation_Alert_III" time="9.245"/>
</testsuite> <!-- Default test -->
